<?xml version="1.0" encoding="UTF-8"?>
<!-- Generated by org.testng.reporters.JUnitReportReporter -->
<testsuite hostname="NaveenkumarM" failures="0" tests="1" name="NewTest1" time="0.006" errors="0" timestamp="2023-04-27T14:36:07 IST" skipped="0">
  <testcase classname="NewTest1" name="f" time="0.006"/>
  <system-out/>
</testsuite> <!-- NewTest1 -->
