<?xml version="1.0" encoding="UTF-8"?>
<!-- Generated by org.testng.reporters.JUnitReportReporter -->
<testsuite hostname="NaveenkumarM" failures="0" tests="1" name="NewTest" time="17.901" errors="0" timestamp="2023-04-27T11:50:06 IST" skipped="0">
  <testcase classname="NewTest" name="f" time="17.901"/>
  <system-out/>
</testsuite> <!-- NewTest -->
